]0;IPython: pytorch_playground/attention-networks******* download_links Module is reloaded *******
Request to http://www.manythings.org/anki/afr-eng.zip has been made.. File ./data/afr-eng.zip has been saved.
Request to http://www.manythings.org/anki/ara-eng.zip has been made..... File ./data/ara-eng.zip has been saved.
Request to http://www.manythings.org/anki/aze-eng.zip has been made.. File ./data/aze-eng.zip has been saved.
Request to http://www.manythings.org/anki/bel-eng.zip has been made.. File ./data/bel-eng.zip has been saved.
Request to http://www.manythings.org/anki/ben-eng.zip has been made... File ./data/ben-eng.zip has been saved.
Request to http://www.manythings.org/anki/ber-eng.zip has been made............ File ./data/ber-eng.zip has been saved.
Request to http://www.manythings.org/anki/bul-eng.zip has been made....... File ./data/bul-eng.zip has been saved.
Request to http://www.manythings.org/anki/yue-eng.zip has been made... File ./data/yue-eng.zip has been saved.
Request to http://www.manythings.org/anki/cat-eng.zip has been made.. File ./data/cat-eng.zip has been saved.
Request to http://www.manythings.org/anki/cbk-eng.zip has been made.. File ./data/cbk-eng.zip has been saved.
Request to http://www.manythings.org/anki/cmn-eng.zip has been made......... File ./data/cmn-eng.zip has been saved.
Request to http://www.manythings.org/anki/hrv-eng.zip has been made.. File ./data/hrv-eng.zip has been saved.
Request to http://www.manythings.org/anki/ces-eng.zip has been made.... File ./data/ces-eng.zip has been saved.
Request to http://www.manythings.org/anki/dan-eng.zip has been made...... File ./data/dan-eng.zip has been saved.
Request to http://www.manythings.org/anki/nld-eng.zip has been made.......... File ./data/nld-eng.zip has been saved.
Request to http://www.manythings.org/anki/eng-eng.zip has been made.... File ./data/eng-eng.zip has been saved.
Request to http://www.manythings.org/anki/est-eng.zip has been made.. File ./data/est-eng.zip has been saved.
Request to http://www.manythings.org/anki/fin-eng.zip has been made................. File ./data/fin-eng.zip has been saved.
Request to http://www.manythings.org/anki/fra-eng.zip has been made............................................. File ./data/fra-eng.zip has been saved.
Request to http://www.manythings.org/anki/deu-eng.zip has been made........................................................ File ./data/deu-eng.zip has been saved.
Request to http://www.manythings.org/anki/ell-eng.zip has been made..... File ./data/ell-eng.zip has been saved.
Request to http://www.manythings.org/anki/heb-eng.zip has been made................................ File ./data/heb-eng.zip has been saved.
Request to http://www.manythings.org/anki/hin-eng.zip has been made... File ./data/hin-eng.zip has been saved.
Request to http://www.manythings.org/anki/hun-eng.zip has been made................. File ./data/hun-eng.zip has been saved.
Request to http://www.manythings.org/anki/isl-eng.zip has been made.... File ./data/isl-eng.zip has been saved.
Request to http://www.manythings.org/anki/ind-eng.zip has been made.... File ./data/ind-eng.zip has been saved.
Request to http://www.manythings.org/anki/ita-eng.zip has been made.................................................. File ./data/ita-eng.zip has been saved.
Request to http://www.manythings.org/anki/jpn-eng.zip has been made.................... File ./data/jpn-eng.zip has been saved.
Request to http://www.manythings.org/anki/kha-eng.zip has been made.. File ./data/kha-eng.zip has been saved.
Request to http://www.manythings.org/anki/khm-eng.zip has been made.. File ./data/khm-eng.zip has been saved.
Request to http://www.manythings.org/anki/kor-eng.zip has been made.. File ./data/kor-eng.zip has been saved.
Request to http://www.manythings.org/anki/lvs-eng.zip has been made.. File ./data/lvs-eng.zip has been saved.
Request to http://www.manythings.org/anki/lit-eng.zip has been made.. File ./data/lit-eng.zip has been saved.
Request to http://www.manythings.org/anki/nds-eng.zip has been made... File ./data/nds-eng.zip has been saved.
Request to http://www.manythings.org/anki/mkd-eng.zip has been made...................... File ./data/mkd-eng.zip has been saved.
Request to http://www.manythings.org/anki/mal-eng.zip has been made.. File ./data/mal-eng.zip has been saved.
Request to http://www.manythings.org/anki/mar-eng.zip has been made.......... File ./data/mar-eng.zip has been saved.
Request to http://www.manythings.org/anki/nob-eng.zip has been made... File ./data/nob-eng.zip has been saved.
Request to http://www.manythings.org/anki/pes-eng.zip has been made.. File ./data/pes-eng.zip has been saved.
Request to http://www.manythings.org/anki/pol-eng.zip has been made.............. File ./data/pol-eng.zip has been saved.
Request to http://www.manythings.org/anki/por-eng.zip has been made................................ File ./data/por-eng.zip has been saved.
Request to http://www.manythings.org/anki/ron-eng.zip has been made.... File ./data/ron-eng.zip has been saved.
Request to http://www.manythings.org/anki/rus-eng.zip has been made...................................................................................... File ./data/rus-eng.zip has been saved.
Request to http://www.manythings.org/anki/srp-eng.zip has been made.... File ./data/srp-eng.zip has been saved.
Request to http://www.manythings.org/anki/slk-eng.zip has been made.. File ./data/slk-eng.zip has been saved.
Request to http://www.manythings.org/anki/spa-eng.zip has been made.......................................... File ./data/spa-eng.zip has been saved.
Request to http://www.manythings.org/anki/swe-eng.zip has been made...... File ./data/swe-eng.zip has been saved.
Request to http://www.manythings.org/anki/tgl-eng.zip has been made... File ./data/tgl-eng.zip has been saved.
Request to http://www.manythings.org/anki/tat-eng.zip has been made.. File ./data/tat-eng.zip has been saved.
Request to http://www.manythings.org/anki/tur-eng.zip has been made.................................................................................................................................... File ./data/tur-eng.zip has been saved.
Request to http://www.manythings.org/anki/ukr-eng.zip has been made......... File ./data/ukr-eng.zip has been saved.
Request to http://www.manythings.org/anki/urd-eng.zip has been made.. File ./data/urd-eng.zip has been saved.
Request to http://www.manythings.org/anki/vie-eng.zip has been made... File ./data/vie-eng.zip has been saved.
